{"D:\\amzzi\\FULL STACK\\JavaScript\\hello-react\\src\\components\\Header.js": {"path":"D:\\amzzi\\FULL STACK\\JavaScript\\hello-react\\src\\components\\Header.js","statementMap":{"0":{"start":{"line":9,"column":15},"end":{"line":57,"column":1}},"1":{"start":{"line":10,"column":36},"end":{"line":10,"column":53}},"2":{"start":{"line":11,"column":23},"end":{"line":11,"column":40}},"3":{"start":{"line":12,"column":27},"end":{"line":12,"column":51}},"4":{"start":{"line":14,"column":15},"end":{"line":14,"column":55}},"5":{"start":{"line":14,"column":38},"end":{"line":14,"column":54}},"6":{"start":{"line":16,"column":2},"end":{"line":56,"column":4}},"7":{"start":{"line":45,"column":14},"end":{"line":47,"column":40}}},"fnMap":{"0":{"name":"(anonymous_0)","decl":{"start":{"line":9,"column":15},"end":{"line":9,"column":16}},"loc":{"start":{"line":9,"column":21},"end":{"line":57,"column":1}},"line":9},"1":{"name":"(anonymous_1)","decl":{"start":{"line":14,"column":27},"end":{"line":14,"column":28}},"loc":{"start":{"line":14,"column":38},"end":{"line":14,"column":54}},"line":14},"2":{"name":"(anonymous_2)","decl":{"start":{"line":44,"column":21},"end":{"line":44,"column":22}},"loc":{"start":{"line":44,"column":27},"end":{"line":48,"column":13}},"line":44}},"branchMap":{"0":{"loc":{"start":{"line":23,"column":46},"end":{"line":23,"column":71}},"type":"cond-expr","locations":[{"start":{"line":23,"column":61},"end":{"line":23,"column":64}},{"start":{"line":23,"column":67},"end":{"line":23,"column":71}}],"line":23},"1":{"loc":{"start":{"line":45,"column":14},"end":{"line":47,"column":39}},"type":"cond-expr","locations":[{"start":{"line":46,"column":18},"end":{"line":46,"column":40}},{"start":{"line":47,"column":18},"end":{"line":47,"column":39}}],"line":45}},"s":{"0":1,"1":5,"2":5,"3":5,"4":5,"5":9,"6":5,"7":1},"f":{"0":5,"1":9,"2":1},"b":{"0":[5,0],"1":[1,0]},"_coverageSchema":"1a1c01bbd47fc00a2c39e90264f33305004495a9","hash":"4db140054bf86d74ab17d3274464c5f6465e76df"}
,"D:\\amzzi\\FULL STACK\\JavaScript\\hello-react\\src\\components\\RestaurantCard.js": {"path":"D:\\amzzi\\FULL STACK\\JavaScript\\hello-react\\src\\components\\RestaurantCard.js","statementMap":{"0":{"start":{"line":5,"column":23},"end":{"line":29,"column":1}},"1":{"start":{"line":6,"column":22},"end":{"line":6,"column":27}},"2":{"start":{"line":15,"column":6},"end":{"line":15,"column":18}},"3":{"start":{"line":16,"column":27},"end":{"line":16,"column":51}},"4":{"start":{"line":18,"column":2},"end":{"line":28,"column":4}},"5":{"start":{"line":31,"column":33},"end":{"line":38,"column":1}},"6":{"start":{"line":32,"column":2},"end":{"line":37,"column":4}},"7":{"start":{"line":33,"column":4},"end":{"line":36,"column":11}}},"fnMap":{"0":{"name":"(anonymous_0)","decl":{"start":{"line":5,"column":23},"end":{"line":5,"column":24}},"loc":{"start":{"line":5,"column":34},"end":{"line":29,"column":1}},"line":5},"1":{"name":"(anonymous_1)","decl":{"start":{"line":31,"column":33},"end":{"line":31,"column":34}},"loc":{"start":{"line":31,"column":53},"end":{"line":38,"column":1}},"line":31},"2":{"name":"(anonymous_2)","decl":{"start":{"line":32,"column":9},"end":{"line":32,"column":10}},"loc":{"start":{"line":32,"column":20},"end":{"line":37,"column":3}},"line":32}},"branchMap":{},"s":{"0":1,"1":1,"2":1,"3":1,"4":1,"5":1,"6":0,"7":0},"f":{"0":1,"1":0,"2":0},"b":{},"_coverageSchema":"1a1c01bbd47fc00a2c39e90264f33305004495a9","hash":"cbea5ea701cd5b3fa38edca6fcbafd58358fc49a"}
,"D:\\amzzi\\FULL STACK\\JavaScript\\hello-react\\src\\utils\\appStore.js": {"path":"D:\\amzzi\\FULL STACK\\JavaScript\\hello-react\\src\\utils\\appStore.js","statementMap":{"0":{"start":{"line":4,"column":17},"end":{"line":8,"column":2}}},"fnMap":{},"branchMap":{},"s":{"0":1},"f":{},"b":{},"_coverageSchema":"1a1c01bbd47fc00a2c39e90264f33305004495a9","hash":"e1612d8e15dab8c6197eb56a810c41ca68a5927f"}
}
